(node:16465) MaxListenersExceededWarning: Possible EventEmitter memory leak detected. 11 close listeners added to [TLSSocket]. Use emitter.setMaxListeners() to increase limit
(Use `node --trace-warnings ...` to show where the warning was created)
(node:16465) MaxListenersExceededWarning: Possible EventEmitter memory leak detected. 11 close listeners added to [TLSSocket]. Use emitter.setMaxListeners() to increase limit
(node:16465) MaxListenersExceededWarning: Possible EventEmitter memory leak detected. 11 close listeners added to [TLSSocket]. Use emitter.setMaxListeners() to increase limit
(node:16465) MaxListenersExceededWarning: Possible EventEmitter memory leak detected. 11 close listeners added to [TLSSocket]. Use emitter.setMaxListeners() to increase limit
(node:16465) MaxListenersExceededWarning: Possible EventEmitter memory leak detected. 11 close listeners added to [TLSSocket]. Use emitter.setMaxListeners() to increase limit
(node:16465) MaxListenersExceededWarning: Possible EventEmitter memory leak detected. 11 close listeners added to [TLSSocket]. Use emitter.setMaxListeners() to increase limit
(node:16465) MaxListenersExceededWarning: Possible EventEmitter memory leak detected. 11 close listeners added to [TLSSocket]. Use emitter.setMaxListeners() to increase limit
(node:16465) MaxListenersExceededWarning: Possible EventEmitter memory leak detected. 11 close listeners added to [TLSSocket]. Use emitter.setMaxListeners() to increase limit
(node:16465) MaxListenersExceededWarning: Possible EventEmitter memory leak detected. 11 close listeners added to [TLSSocket]. Use emitter.setMaxListeners() to increase limit
(node:16465) MaxListenersExceededWarning: Possible EventEmitter memory leak detected. 11 close listeners added to [TLSSocket]. Use emitter.setMaxListeners() to increase limit
(node:16465) MaxListenersExceededWarning: Possible EventEmitter memory leak detected. 11 close listeners added to [TLSSocket]. Use emitter.setMaxListeners() to increase limit
(node:16465) MaxListenersExceededWarning: Possible EventEmitter memory leak detected. 11 close listeners added to [TLSSocket]. Use emitter.setMaxListeners() to increase limit
(node:16465) MaxListenersExceededWarning: Possible EventEmitter memory leak detected. 11 close listeners added to [TLSSocket]. Use emitter.setMaxListeners() to increase limit
(node:16465) MaxListenersExceededWarning: Possible EventEmitter memory leak detected. 11 close listeners added to [TLSSocket]. Use emitter.setMaxListeners() to increase limit
(node:16465) MaxListenersExceededWarning: Possible EventEmitter memory leak detected. 11 close listeners added to [TLSSocket]. Use emitter.setMaxListeners() to increase limit
(node:16465) MaxListenersExceededWarning: Possible EventEmitter memory leak detected. 11 close listeners added to [TLSSocket]. Use emitter.setMaxListeners() to increase limit
(node:16465) MaxListenersExceededWarning: Possible EventEmitter memory leak detected. 11 close listeners added to [TLSSocket]. Use emitter.setMaxListeners() to increase limit
(node:16465) MaxListenersExceededWarning: Possible EventEmitter memory leak detected. 11 close listeners added to [TLSSocket]. Use emitter.setMaxListeners() to increase limit
(node:16465) MaxListenersExceededWarning: Possible EventEmitter memory leak detected. 11 close listeners added to [TLSSocket]. Use emitter.setMaxListeners() to increase limit
(node:16465) MaxListenersExceededWarning: Possible EventEmitter memory leak detected. 11 close listeners added to [TLSSocket]. Use emitter.setMaxListeners() to increase limit
(node:16465) MaxListenersExceededWarning: Possible EventEmitter memory leak detected. 11 close listeners added to [TLSSocket]. Use emitter.setMaxListeners() to increase limit
(node:16465) MaxListenersExceededWarning: Possible EventEmitter memory leak detected. 11 close listeners added to [TLSSocket]. Use emitter.setMaxListeners() to increase limit
(node:16465) MaxListenersExceededWarning: Possible EventEmitter memory leak detected. 11 close listeners added to [TLSSocket]. Use emitter.setMaxListeners() to increase limit
(node:16465) MaxListenersExceededWarning: Possible EventEmitter memory leak detected. 11 close listeners added to [TLSSocket]. Use emitter.setMaxListeners() to increase limit
(node:16465) MaxListenersExceededWarning: Possible EventEmitter memory leak detected. 11 close listeners added to [TLSSocket]. Use emitter.setMaxListeners() to increase limit
(node:16465) MaxListenersExceededWarning: Possible EventEmitter memory leak detected. 11 close listeners added to [TLSSocket]. Use emitter.setMaxListeners() to increase limit
(node:16465) MaxListenersExceededWarning: Possible EventEmitter memory leak detected. 11 close listeners added to [TLSSocket]. Use emitter.setMaxListeners() to increase limit
(node:16465) MaxListenersExceededWarning: Possible EventEmitter memory leak detected. 11 close listeners added to [TLSSocket]. Use emitter.setMaxListeners() to increase limit
(node:16465) MaxListenersExceededWarning: Possible EventEmitter memory leak detected. 11 close listeners added to [TLSSocket]. Use emitter.setMaxListeners() to increase limit
(node:16465) MaxListenersExceededWarning: Possible EventEmitter memory leak detected. 11 close listeners added to [TLSSocket]. Use emitter.setMaxListeners() to increase limit
(node:16465) MaxListenersExceededWarning: Possible EventEmitter memory leak detected. 11 close listeners added to [TLSSocket]. Use emitter.setMaxListeners() to increase limit
(node:16465) MaxListenersExceededWarning: Possible EventEmitter memory leak detected. 11 close listeners added to [TLSSocket]. Use emitter.setMaxListeners() to increase limit
(node:16465) MaxListenersExceededWarning: Possible EventEmitter memory leak detected. 11 close listeners added to [TLSSocket]. Use emitter.setMaxListeners() to increase limit
(node:16465) MaxListenersExceededWarning: Possible EventEmitter memory leak detected. 11 close listeners added to [TLSSocket]. Use emitter.setMaxListeners() to increase limit
(node:16465) MaxListenersExceededWarning: Possible EventEmitter memory leak detected. 11 close listeners added to [TLSSocket]. Use emitter.setMaxListeners() to increase limit
(node:16465) MaxListenersExceededWarning: Possible EventEmitter memory leak detected. 11 close listeners added to [TLSSocket]. Use emitter.setMaxListeners() to increase limit
(node:16465) MaxListenersExceededWarning: Possible EventEmitter memory leak detected. 11 close listeners added to [TLSSocket]. Use emitter.setMaxListeners() to increase limit
(node:16465) MaxListenersExceededWarning: Possible EventEmitter memory leak detected. 11 close listeners added to [TLSSocket]. Use emitter.setMaxListeners() to increase limit
npm ERR! code ETIMEDOUT
npm ERR! syscall read
npm ERR! errno ETIMEDOUT
npm ERR! network Invalid response body while trying to fetch https://registry.npmjs.org/css-loader: read ETIMEDOUT
npm ERR! network This is a problem related to network connectivity.
npm ERR! network In most cases you are behind a proxy or have bad network settings.
npm ERR! network 
npm ERR! network If you are behind a proxy, please make sure that the
npm ERR! network 'proxy' config is set properly.  See: 'npm help config'

npm ERR! A complete log of this run can be found in: /home/andres/.npm/_logs/2023-11-08T16_17_20_743Z-debug-0.log
